Started GET "/cart" for ::1 at 2024-03-07 06:58:45 +0530
Processing by CartsController#show as HTML
  Rendering layout layouts/application.html.erb
  Rendering carts/show.html.erb within layouts/application
  Rendered carts/show.html.erb within layouts/application (Duration: 0.3ms | Allocations: 87)
  Rendered shared/_navbar.html.erb (Duration: 1.3ms | Allocations: 1135)
  Rendered shared/_footer.html.erb (Duration: 0.2ms | Allocations: 196)
  Rendered layout layouts/application.html.erb (Duration: 20.7ms | Allocations: 33563)
Completed 200 OK in 23ms (Views: 21.8ms | ActiveRecord: 0.0ms | Allocations: 34496)


Started GET "/" for ::1 at 2024-03-07 06:58:46 +0530
Processing by HomeController#index as HTML
  [1m[36mCategory Load (1.0ms)[0m  [1m[34mSELECT "categories".* FROM "categories" LIMIT ?[0m  [["LIMIT", 4]]
  ↳ app/controllers/home_controller.rb:3:in `index'
  Rendering layout layouts/application.html.erb
  Rendering home/index.html.erb within layouts/application
  [1m[36mActiveStorage::Attachment Load (0.2ms)[0m  [1m[34mSELECT "active_storage_attachments".* FROM "active_storage_attachments" WHERE "active_storage_attachments"."record_id" = ? AND "active_storage_attachments"."record_type" = ? AND "active_storage_attachments"."name" = ? LIMIT ?[0m  [["record_id", 2], ["record_type", "Category"], ["name", "image"], ["LIMIT", 1]]
  ↳ app/views/home/index.html.erb:13
  [1m[36mActiveStorage::Blob Load (0.2ms)[0m  [1m[34mSELECT "active_storage_blobs".* FROM "active_storage_blobs" WHERE "active_storage_blobs"."id" = ? LIMIT ?[0m  [["id", 18], ["LIMIT", 1]]
  ↳ app/views/home/index.html.erb:13
  [1m[36mActiveStorage::Attachment Load (0.2ms)[0m  [1m[34mSELECT "active_storage_attachments".* FROM "active_storage_attachments" WHERE "active_storage_attachments"."record_id" = ? AND "active_storage_attachments"."record_type" = ? AND "active_storage_attachments"."name" = ? LIMIT ?[0m  [["record_id", 3], ["record_type", "Category"], ["name", "image"], ["LIMIT", 1]]
  ↳ app/views/home/index.html.erb:13
  [1m[36mActiveStorage::Blob Load (0.1ms)[0m  [1m[34mSELECT "active_storage_blobs".* FROM "active_storage_blobs" WHERE "active_storage_blobs"."id" = ? LIMIT ?[0m  [["id", 22], ["LIMIT", 1]]
  ↳ app/views/home/index.html.erb:13
  [1m[36mActiveStorage::Attachment Load (0.2ms)[0m  [1m[34mSELECT "active_storage_attachments".* FROM "active_storage_attachments" WHERE "active_storage_attachments"."record_id" = ? AND "active_storage_attachments"."record_type" = ? AND "active_storage_attachments"."name" = ? LIMIT ?[0m  [["record_id", 4], ["record_type", "Category"], ["name", "image"], ["LIMIT", 1]]
  ↳ app/views/home/index.html.erb:13
  [1m[36mActiveStorage::Attachment Load (0.1ms)[0m  [1m[34mSELECT "active_storage_attachments".* FROM "active_storage_attachments" WHERE "active_storage_attachments"."record_id" = ? AND "active_storage_attachments"."record_type" = ? AND "active_storage_attachments"."name" = ? LIMIT ?[0m  [["record_id", 5], ["record_type", "Category"], ["name", "image"], ["LIMIT", 1]]
  ↳ app/views/home/index.html.erb:13
  Rendered home/index.html.erb within layouts/application (Duration: 31.1ms | Allocations: 18083)
  Rendered shared/_navbar.html.erb (Duration: 1.9ms | Allocations: 800)
  Rendered shared/_footer.html.erb (Duration: 0.1ms | Allocations: 31)
  Rendered layout layouts/application.html.erb (Duration: 53.0ms | Allocations: 26968)
Completed 200 OK in 62ms (Views: 52.8ms | ActiveRecord: 2.5ms | Allocations: 31725)


Started GET "/products/5" for ::1 at 2024-03-07 06:58:47 +0530
Processing by ProductsController#show as HTML
  Parameters: {"id"=>"5"}
  [1m[36mProduct Load (0.2ms)[0m  [1m[34mSELECT "products".* FROM "products" WHERE "products"."id" = ? LIMIT ?[0m  [["id", 5], ["LIMIT", 1]]
  ↳ app/controllers/products_controller.rb:3:in `show'
  Rendering layout layouts/application.html.erb
  Rendering products/show.html.erb within layouts/application
  [1m[36mActiveStorage::Attachment Load (0.2ms)[0m  [1m[34mSELECT "active_storage_attachments".* FROM "active_storage_attachments" WHERE "active_storage_attachments"."record_id" = ? AND "active_storage_attachments"."record_type" = ? AND "active_storage_attachments"."name" = ?[0m  [["record_id", 5], ["record_type", "Product"], ["name", "images"]]
  ↳ app/views/products/show.html.erb:4
  [1m[36mActiveStorage::Blob Load (0.1ms)[0m  [1m[34mSELECT "active_storage_blobs".* FROM "active_storage_blobs" WHERE "active_storage_blobs"."id" = ? LIMIT ?[0m  [["id", 9], ["LIMIT", 1]]
  ↳ app/views/products/show.html.erb:5
  [1m[36mActiveStorage::Blob Load (0.0ms)[0m  [1m[34mSELECT "active_storage_blobs".* FROM "active_storage_blobs" WHERE "active_storage_blobs"."id" = ? LIMIT ?[0m  [["id", 10], ["LIMIT", 1]]
  ↳ app/views/products/show.html.erb:5
  [1m[36mStock Load (0.2ms)[0m  [1m[34mSELECT "stocks".* FROM "stocks" WHERE "stocks"."product_id" = ?[0m  [["product_id", 5]]
  ↳ app/views/products/show.html.erb:15
  Rendered products/show.html.erb within layouts/application (Duration: 12.9ms | Allocations: 8507)
  Rendered shared/_navbar.html.erb (Duration: 0.7ms | Allocations: 796)
  Rendered shared/_footer.html.erb (Duration: 0.1ms | Allocations: 30)
  Rendered layout layouts/application.html.erb (Duration: 23.1ms | Allocations: 17902)
Completed 200 OK in 36ms (Views: 23.4ms | ActiveRecord: 0.7ms | Allocations: 24222)


Started GET "/rails/active_storage/blobs/redirect/eyJfcmFpbHMiOnsiZGF0YSI6OSwicHVyIjoiYmxvYl9pZCJ9fQ==--1b9294b054458abdd14049e75a68883028f25057/boot.jpg" for ::1 at 2024-03-07 06:58:47 +0530
Started GET "/rails/active_storage/blobs/redirect/eyJfcmFpbHMiOnsiZGF0YSI6MTAsInB1ciI6ImJsb2JfaWQifX0=--d6106bbecbed87c7df01211e80e0fb3192ed5744/boot2.jpeg" for ::1 at 2024-03-07 06:58:47 +0530
Processing by ActiveStorage::Blobs::RedirectController#show as JPEG
  Parameters: {"signed_id"=>"eyJfcmFpbHMiOnsiZGF0YSI6MTAsInB1ciI6ImJsb2JfaWQifX0=--d6106bbecbed87c7df01211e80e0fb3192ed5744", "filename"=>"boot2"}
Processing by ActiveStorage::Blobs::RedirectController#show as JPEG
  Parameters: {"signed_id"=>"eyJfcmFpbHMiOnsiZGF0YSI6OSwicHVyIjoiYmxvYl9pZCJ9fQ==--1b9294b054458abdd14049e75a68883028f25057", "filename"=>"boot"}
  [1m[36mActiveStorage::Blob Load (0.1ms)[0m  [1m[34mSELECT "active_storage_blobs".* FROM "active_storage_blobs" WHERE "active_storage_blobs"."id" = ? LIMIT ?[0m  [["id", 10], ["LIMIT", 1]]
[36m  Disk Storage (1.2ms) [0m[34mGenerated URL for file at key: 0uftz6p3dpa1wmwo2fagv5pf407h (http://localhost:3000/rails/active_storage/disk/eyJfcmFpbHMiOnsiZGF0YSI6eyJrZXkiOiIwdWZ0ejZwM2RwYTF3bXdvMmZhZ3Y1cGY0MDdoIiwiZGlzcG9zaXRpb24iOiJpbmxpbmU7IGZpbGVuYW1lPVwiYm9vdDIuanBlZ1wiOyBmaWxlbmFtZSo9VVRGLTgnJ2Jvb3QyLmpwZWciLCJjb250ZW50X3R5cGUiOiJpbWFnZS9qcGVnIiwic2VydmljZV9uYW1lIjoibG9jYWwifSwiZXhwIjoiMjAyNC0wMy0wN1QwMTozMzo0Ny43ODdaIiwicHVyIjoiYmxvYl9rZXkifX0=--8fc7e248379c3009e9c40c8dadd73c672334d664/boot2.jpeg)[0m
Redirected to http://localhost:3000/rails/active_storage/disk/eyJfcmFpbHMiOnsiZGF0YSI6eyJrZXkiOiIwdWZ0ejZwM2RwYTF3bXdvMmZhZ3Y1cGY0MDdoIiwiZGlzcG9zaXRpb24iOiJpbmxpbmU7IGZpbGVuYW1lPVwiYm9vdDIuanBlZ1wiOyBmaWxlbmFtZSo9VVRGLTgnJ2Jvb3QyLmpwZWciLCJjb250ZW50X3R5cGUiOiJpbWFnZS9qcGVnIiwic2VydmljZV9uYW1lIjoibG9jYWwifSwiZXhwIjoiMjAyNC0wMy0wN1QwMTozMzo0Ny43ODdaIiwicHVyIjoiYmxvYl9rZXkifX0=--8fc7e248379c3009e9c40c8dadd73c672334d664/boot2.jpeg
Completed 302 Found in 8ms (ActiveRecord: 0.1ms | Allocations: 2549)


  [1m[36mActiveStorage::Blob Load (0.1ms)[0m  [1m[34mSELECT "active_storage_blobs".* FROM "active_storage_blobs" WHERE "active_storage_blobs"."id" = ? LIMIT ?[0m  [["id", 9], ["LIMIT", 1]]
[36m  Disk Storage (0.5ms) [0m[34mGenerated URL for file at key: 27qeklypnxubvypfwuol06zntgt9 (http://localhost:3000/rails/active_storage/disk/eyJfcmFpbHMiOnsiZGF0YSI6eyJrZXkiOiIyN3Fla2x5cG54dWJ2eXBmd3VvbDA2em50Z3Q5IiwiZGlzcG9zaXRpb24iOiJpbmxpbmU7IGZpbGVuYW1lPVwiYm9vdC5qcGdcIjsgZmlsZW5hbWUqPVVURi04Jydib290LmpwZyIsImNvbnRlbnRfdHlwZSI6ImltYWdlL2pwZWciLCJzZXJ2aWNlX25hbWUiOiJsb2NhbCJ9LCJleHAiOiIyMDI0LTAzLTA3VDAxOjMzOjQ3Ljc5M1oiLCJwdXIiOiJibG9iX2tleSJ9fQ==--b9b2cae37e84aa388ce9b7214415b78c523076d7/boot.jpg)[0m
Started GET "/rails/active_storage/disk/eyJfcmFpbHMiOnsiZGF0YSI6eyJrZXkiOiIwdWZ0ejZwM2RwYTF3bXdvMmZhZ3Y1cGY0MDdoIiwiZGlzcG9zaXRpb24iOiJpbmxpbmU7IGZpbGVuYW1lPVwiYm9vdDIuanBlZ1wiOyBmaWxlbmFtZSo9VVRGLTgnJ2Jvb3QyLmpwZWciLCJjb250ZW50X3R5cGUiOiJpbWFnZS9qcGVnIiwic2VydmljZV9uYW1lIjoibG9jYWwifSwiZXhwIjoiMjAyNC0wMy0wN1QwMTozMzo0Ny43ODdaIiwicHVyIjoiYmxvYl9rZXkifX0=--8fc7e248379c3009e9c40c8dadd73c672334d664/boot2.jpeg" for ::1 at 2024-03-07 06:58:47 +0530
Redirected to http://localhost:3000/rails/active_storage/disk/eyJfcmFpbHMiOnsiZGF0YSI6eyJrZXkiOiIyN3Fla2x5cG54dWJ2eXBmd3VvbDA2em50Z3Q5IiwiZGlzcG9zaXRpb24iOiJpbmxpbmU7IGZpbGVuYW1lPVwiYm9vdC5qcGdcIjsgZmlsZW5hbWUqPVVURi04Jydib290LmpwZyIsImNvbnRlbnRfdHlwZSI6ImltYWdlL2pwZWciLCJzZXJ2aWNlX25hbWUiOiJsb2NhbCJ9LCJleHAiOiIyMDI0LTAzLTA3VDAxOjMzOjQ3Ljc5M1oiLCJwdXIiOiJibG9iX2tleSJ9fQ==--b9b2cae37e84aa388ce9b7214415b78c523076d7/boot.jpg
Completed 302 Found in 10ms (ActiveRecord: 0.1ms | Allocations: 3046)


Started GET "/rails/active_storage/disk/eyJfcmFpbHMiOnsiZGF0YSI6eyJrZXkiOiIyN3Fla2x5cG54dWJ2eXBmd3VvbDA2em50Z3Q5IiwiZGlzcG9zaXRpb24iOiJpbmxpbmU7IGZpbGVuYW1lPVwiYm9vdC5qcGdcIjsgZmlsZW5hbWUqPVVURi04Jydib290LmpwZyIsImNvbnRlbnRfdHlwZSI6ImltYWdlL2pwZWciLCJzZXJ2aWNlX25hbWUiOiJsb2NhbCJ9LCJleHAiOiIyMDI0LTAzLTA3VDAxOjMzOjQ3Ljc5M1oiLCJwdXIiOiJibG9iX2tleSJ9fQ==--b9b2cae37e84aa388ce9b7214415b78c523076d7/boot.jpg" for ::1 at 2024-03-07 06:58:47 +0530
Processing by ActiveStorage::DiskController#show as JPEG
  Parameters: {"encoded_key"=>"[FILTERED]", "filename"=>"boot2"}
Completed 200 OK in 1ms (ActiveRecord: 0.0ms | Allocations: 260)


Processing by ActiveStorage::DiskController#show as JPEG
  Parameters: {"encoded_key"=>"[FILTERED]", "filename"=>"boot"}
Completed 200 OK in 1ms (ActiveRecord: 0.0ms | Allocations: 173)


Started GET "/" for ::1 at 2024-03-07 06:58:49 +0530
Processing by HomeController#index as HTML
  [1m[36mCategory Load (0.1ms)[0m  [1m[34mSELECT "categories".* FROM "categories" LIMIT ?[0m  [["LIMIT", 4]]
  ↳ app/controllers/home_controller.rb:3:in `index'
  Rendering layout layouts/application.html.erb
  Rendering home/index.html.erb within layouts/application
  [1m[36mActiveStorage::Attachment Load (0.1ms)[0m  [1m[34mSELECT "active_storage_attachments".* FROM "active_storage_attachments" WHERE "active_storage_attachments"."record_id" = ? AND "active_storage_attachments"."record_type" = ? AND "active_storage_attachments"."name" = ? LIMIT ?[0m  [["record_id", 2], ["record_type", "Category"], ["name", "image"], ["LIMIT", 1]]
  ↳ app/views/home/index.html.erb:13
  [1m[36mActiveStorage::Blob Load (0.1ms)[0m  [1m[34mSELECT "active_storage_blobs".* FROM "active_storage_blobs" WHERE "active_storage_blobs"."id" = ? LIMIT ?[0m  [["id", 18], ["LIMIT", 1]]
  ↳ app/views/home/index.html.erb:13
  [1m[36mActiveStorage::Attachment Load (0.2ms)[0m  [1m[34mSELECT "active_storage_attachments".* FROM "active_storage_attachments" WHERE "active_storage_attachments"."record_id" = ? AND "active_storage_attachments"."record_type" = ? AND "active_storage_attachments"."name" = ? LIMIT ?[0m  [["record_id", 3], ["record_type", "Category"], ["name", "image"], ["LIMIT", 1]]
  ↳ app/views/home/index.html.erb:13
  [1m[36mActiveStorage::Blob Load (0.0ms)[0m  [1m[34mSELECT "active_storage_blobs".* FROM "active_storage_blobs" WHERE "active_storage_blobs"."id" = ? LIMIT ?[0m  [["id", 22], ["LIMIT", 1]]
  ↳ app/views/home/index.html.erb:13
  [1m[36mActiveStorage::Attachment Load (0.1ms)[0m  [1m[34mSELECT "active_storage_attachments".* FROM "active_storage_attachments" WHERE "active_storage_attachments"."record_id" = ? AND "active_storage_attachments"."record_type" = ? AND "active_storage_attachments"."name" = ? LIMIT ?[0m  [["record_id", 4], ["record_type", "Category"], ["name", "image"], ["LIMIT", 1]]
  ↳ app/views/home/index.html.erb:13
  [1m[36mActiveStorage::Attachment Load (0.0ms)[0m  [1m[34mSELECT "active_storage_attachments".* FROM "active_storage_attachments" WHERE "active_storage_attachments"."record_id" = ? AND "active_storage_attachments"."record_type" = ? AND "active_storage_attachments"."name" = ? LIMIT ?[0m  [["record_id", 5], ["record_type", "Category"], ["name", "image"], ["LIMIT", 1]]
  ↳ app/views/home/index.html.erb:13
  Rendered home/index.html.erb within layouts/application (Duration: 13.8ms | Allocations: 5033)
  Rendered shared/_navbar.html.erb (Duration: 0.9ms | Allocations: 794)
  Rendered shared/_footer.html.erb (Duration: 0.1ms | Allocations: 31)
  Rendered layout layouts/application.html.erb (Duration: 23.2ms | Allocations: 13900)
Completed 200 OK in 26ms (Views: 23.2ms | ActiveRecord: 0.7ms | Allocations: 14634)


Started GET "/rails/active_storage/blobs/redirect/eyJfcmFpbHMiOnsiZGF0YSI6MTgsInB1ciI6ImJsb2JfaWQifX0=--69aaeb0fb141ff8215ba960be1a4036e2776f593/boot.jpg" for ::1 at 2024-03-07 06:58:49 +0530
Started GET "/rails/active_storage/blobs/redirect/eyJfcmFpbHMiOnsiZGF0YSI6MjIsInB1ciI6ImJsb2JfaWQifX0=--c48be93dc5325073ebdd0ae9d31d3ec05089f479/jeans1.jpeg" for ::1 at 2024-03-07 06:58:49 +0530
Processing by ActiveStorage::Blobs::RedirectController#show as JPEG
  Parameters: {"signed_id"=>"eyJfcmFpbHMiOnsiZGF0YSI6MTgsInB1ciI6ImJsb2JfaWQifX0=--69aaeb0fb141ff8215ba960be1a4036e2776f593", "filename"=>"boot"}
  [1m[36mActiveStorage::Blob Load (0.1ms)[0m  [1m[34mSELECT "active_storage_blobs".* FROM "active_storage_blobs" WHERE "active_storage_blobs"."id" = ? LIMIT ?[0m  [["id", 18], ["LIMIT", 1]]
[36m  Disk Storage (0.7ms) [0m[34mGenerated URL for file at key: qrpbdvytqrg30xy07l6o5ktl8vyj (http://localhost:3000/rails/active_storage/disk/eyJfcmFpbHMiOnsiZGF0YSI6eyJrZXkiOiJxcnBiZHZ5dHFyZzMweHkwN2w2bzVrdGw4dnlqIiwiZGlzcG9zaXRpb24iOiJpbmxpbmU7IGZpbGVuYW1lPVwiYm9vdC5qcGdcIjsgZmlsZW5hbWUqPVVURi04Jydib290LmpwZyIsImNvbnRlbnRfdHlwZSI6ImltYWdlL2pwZWciLCJzZXJ2aWNlX25hbWUiOiJsb2NhbCJ9LCJleHAiOiIyMDI0LTAzLTA3VDAxOjMzOjQ5Ljc4NVoiLCJwdXIiOiJibG9iX2tleSJ9fQ==--ee6fc2e13dd5f15bc6d923779dac09e096231c09/boot.jpg)[0m
Redirected to http://localhost:3000/rails/active_storage/disk/eyJfcmFpbHMiOnsiZGF0YSI6eyJrZXkiOiJxcnBiZHZ5dHFyZzMweHkwN2w2bzVrdGw4dnlqIiwiZGlzcG9zaXRpb24iOiJpbmxpbmU7IGZpbGVuYW1lPVwiYm9vdC5qcGdcIjsgZmlsZW5hbWUqPVVURi04Jydib290LmpwZyIsImNvbnRlbnRfdHlwZSI6ImltYWdlL2pwZWciLCJzZXJ2aWNlX25hbWUiOiJsb2NhbCJ9LCJleHAiOiIyMDI0LTAzLTA3VDAxOjMzOjQ5Ljc4NVoiLCJwdXIiOiJibG9iX2tleSJ9fQ==--ee6fc2e13dd5f15bc6d923779dac09e096231c09/boot.jpg
Completed 302 Found in 6ms (ActiveRecord: 0.1ms | Allocations: 1317)


Processing by ActiveStorage::Blobs::RedirectController#show as JPEG
Started GET "/rails/active_storage/disk/eyJfcmFpbHMiOnsiZGF0YSI6eyJrZXkiOiJxcnBiZHZ5dHFyZzMweHkwN2w2bzVrdGw4dnlqIiwiZGlzcG9zaXRpb24iOiJpbmxpbmU7IGZpbGVuYW1lPVwiYm9vdC5qcGdcIjsgZmlsZW5hbWUqPVVURi04Jydib290LmpwZyIsImNvbnRlbnRfdHlwZSI6ImltYWdlL2pwZWciLCJzZXJ2aWNlX25hbWUiOiJsb2NhbCJ9LCJleHAiOiIyMDI0LTAzLTA3VDAxOjMzOjQ5Ljc4NVoiLCJwdXIiOiJibG9iX2tleSJ9fQ==--ee6fc2e13dd5f15bc6d923779dac09e096231c09/boot.jpg" for ::1 at 2024-03-07 06:58:49 +0530
  Parameters: {"signed_id"=>"eyJfcmFpbHMiOnsiZGF0YSI6MjIsInB1ciI6ImJsb2JfaWQifX0=--c48be93dc5325073ebdd0ae9d31d3ec05089f479", "filename"=>"jeans1"}
  [1m[36mActiveStorage::Blob Load (0.2ms)[0m  [1m[34mSELECT "active_storage_blobs".* FROM "active_storage_blobs" WHERE "active_storage_blobs"."id" = ? LIMIT ?[0m  [["id", 22], ["LIMIT", 1]]
[36m  Disk Storage (0.9ms) [0m[34mGenerated URL for file at key: 19s3plkwu1a477021yw48jtxpjo6 (http://localhost:3000/rails/active_storage/disk/eyJfcmFpbHMiOnsiZGF0YSI6eyJrZXkiOiIxOXMzcGxrd3UxYTQ3NzAyMXl3NDhqdHhwam82IiwiZGlzcG9zaXRpb24iOiJpbmxpbmU7IGZpbGVuYW1lPVwiamVhbnMxLmpwZWdcIjsgZmlsZW5hbWUqPVVURi04JydqZWFuczEuanBlZyIsImNvbnRlbnRfdHlwZSI6ImltYWdlL2pwZWciLCJzZXJ2aWNlX25hbWUiOiJsb2NhbCJ9LCJleHAiOiIyMDI0LTAzLTA3VDAxOjMzOjQ5Ljc5OFoiLCJwdXIiOiJibG9iX2tleSJ9fQ==--89a205fdadb97ecc8a9dac98c0b591645f14bb91/jeans1.jpeg)[0m
Redirected to http://localhost:3000/rails/active_storage/disk/eyJfcmFpbHMiOnsiZGF0YSI6eyJrZXkiOiIxOXMzcGxrd3UxYTQ3NzAyMXl3NDhqdHhwam82IiwiZGlzcG9zaXRpb24iOiJpbmxpbmU7IGZpbGVuYW1lPVwiamVhbnMxLmpwZWdcIjsgZmlsZW5hbWUqPVVURi04JydqZWFuczEuanBlZyIsImNvbnRlbnRfdHlwZSI6ImltYWdlL2pwZWciLCJzZXJ2aWNlX25hbWUiOiJsb2NhbCJ9LCJleHAiOiIyMDI0LTAzLTA3VDAxOjMzOjQ5Ljc5OFoiLCJwdXIiOiJibG9iX2tleSJ9fQ==--89a205fdadb97ecc8a9dac98c0b591645f14bb91/jeans1.jpeg
Completed 302 Found in 6ms (ActiveRecord: 0.1ms | Allocations: 1282)


Started GET "/rails/active_storage/disk/eyJfcmFpbHMiOnsiZGF0YSI6eyJrZXkiOiIxOXMzcGxrd3UxYTQ3NzAyMXl3NDhqdHhwam82IiwiZGlzcG9zaXRpb24iOiJpbmxpbmU7IGZpbGVuYW1lPVwiamVhbnMxLmpwZWdcIjsgZmlsZW5hbWUqPVVURi04JydqZWFuczEuanBlZyIsImNvbnRlbnRfdHlwZSI6ImltYWdlL2pwZWciLCJzZXJ2aWNlX25hbWUiOiJsb2NhbCJ9LCJleHAiOiIyMDI0LTAzLTA3VDAxOjMzOjQ5Ljc5OFoiLCJwdXIiOiJibG9iX2tleSJ9fQ==--89a205fdadb97ecc8a9dac98c0b591645f14bb91/jeans1.jpeg" for ::1 at 2024-03-07 06:58:49 +0530
Processing by ActiveStorage::DiskController#show as JPEG
  Parameters: {"encoded_key"=>"[FILTERED]", "filename"=>"boot"}
Completed 200 OK in 1ms (ActiveRecord: 0.0ms | Allocations: 204)


Processing by ActiveStorage::DiskController#show as JPEG
  Parameters: {"encoded_key"=>"[FILTERED]", "filename"=>"jeans1"}
Completed 200 OK in 1ms (ActiveRecord: 0.0ms | Allocations: 173)


Started GET "/categories/2" for ::1 at 2024-03-07 06:59:44 +0530
Processing by CategoriesController#show as HTML
  Parameters: {"id"=>"2"}
  [1m[36mCategory Load (0.1ms)[0m  [1m[34mSELECT "categories".* FROM "categories" WHERE "categories"."id" = ? LIMIT ?[0m  [["id", 2], ["LIMIT", 1]]
  ↳ app/controllers/categories_controller.rb:3:in `show'
  Rendering layout layouts/application.html.erb
  Rendering categories/show.html.erb within layouts/application
  [1m[36mProduct Exists? (0.1ms)[0m  [1m[34mSELECT 1 AS one FROM "products" WHERE "products"."category_id" = ? LIMIT ?[0m  [["category_id", 2], ["LIMIT", 1]]
  ↳ app/views/categories/show.html.erb:15
  [1m[36mProduct Load (0.1ms)[0m  [1m[34mSELECT "products".* FROM "products" WHERE "products"."category_id" = ?[0m  [["category_id", 2]]
  ↳ app/views/categories/show.html.erb:18
  [1m[36mActiveStorage::Attachment Load (0.1ms)[0m  [1m[34mSELECT "active_storage_attachments".* FROM "active_storage_attachments" WHERE "active_storage_attachments"."record_id" = ? AND "active_storage_attachments"."record_type" = ? AND "active_storage_attachments"."name" = ? ORDER BY "active_storage_attachments"."id" ASC LIMIT ?[0m  [["record_id", 1], ["record_type", "Product"], ["name", "images"], ["LIMIT", 1]]
  ↳ app/views/categories/show.html.erb:21
  [1m[36mActiveStorage::Attachment Load (0.1ms)[0m  [1m[34mSELECT "active_storage_attachments".* FROM "active_storage_attachments" WHERE "active_storage_attachments"."record_id" = ? AND "active_storage_attachments"."record_type" = ? AND "active_storage_attachments"."name" = ? ORDER BY "active_storage_attachments"."id" ASC LIMIT ?[0m  [["record_id", 3], ["record_type", "Product"], ["name", "images"], ["LIMIT", 1]]
  ↳ app/views/categories/show.html.erb:21
  [1m[36mCACHE ActiveStorage::Attachment Load (0.0ms)[0m  [1m[34mSELECT "active_storage_attachments".* FROM "active_storage_attachments" WHERE "active_storage_attachments"."record_id" = ? AND "active_storage_attachments"."record_type" = ? AND "active_storage_attachments"."name" = ? ORDER BY "active_storage_attachments"."id" ASC LIMIT ?[0m  [["record_id", 3], ["record_type", "Product"], ["name", "images"], ["LIMIT", 1]]
  ↳ app/views/categories/show.html.erb:21
  [1m[36mActiveStorage::Blob Load (0.1ms)[0m  [1m[34mSELECT "active_storage_blobs".* FROM "active_storage_blobs" WHERE "active_storage_blobs"."id" = ? LIMIT ?[0m  [["id", 16], ["LIMIT", 1]]
  ↳ app/views/categories/show.html.erb:21
  Rendered categories/show.html.erb within layouts/application (Duration: 25.3ms | Allocations: 21032)
  Rendered shared/_navbar.html.erb (Duration: 1.3ms | Allocations: 1097)
  Rendered shared/_footer.html.erb (Duration: 0.3ms | Allocations: 196)
  Rendered layout layouts/application.html.erb (Duration: 60.0ms | Allocations: 54458)
Completed 200 OK in 77ms (Views: 60.0ms | ActiveRecord: 3.3ms | Allocations: 65860)


Started GET "/rails/active_storage/representations/redirect/eyJfcmFpbHMiOnsiZGF0YSI6MTYsInB1ciI6ImJsb2JfaWQifX0=--d7bf699eee06cf179512677ce3f22ea06f13a08c/eyJfcmFpbHMiOnsiZGF0YSI6eyJmb3JtYXQiOiJwbmciLCJyZXNpemVfdG9fbGltaXQiOlsyNTAsMjUwXX0sInB1ciI6InZhcmlhdGlvbiJ9fQ==--ab9f40154e7e989237aa0964cbf22fe9a14433b9/2021_Facebook_icon.svg.png" for ::1 at 2024-03-07 06:59:44 +0530
Processing by ActiveStorage::Representations::RedirectController#show as PNG
  Parameters: {"signed_blob_id"=>"eyJfcmFpbHMiOnsiZGF0YSI6MTYsInB1ciI6ImJsb2JfaWQifX0=--d7bf699eee06cf179512677ce3f22ea06f13a08c", "variation_key"=>"[FILTERED]", "filename"=>"2021_Facebook_icon.svg"}
  [1m[36mActiveStorage::Blob Load (0.2ms)[0m  [1m[34mSELECT "active_storage_blobs".* FROM "active_storage_blobs" WHERE "active_storage_blobs"."id" = ? LIMIT ?[0m  [["id", 16], ["LIMIT", 1]]
  [1m[36mActiveStorage::VariantRecord Load (0.2ms)[0m  [1m[34mSELECT "active_storage_variant_records".* FROM "active_storage_variant_records" WHERE "active_storage_variant_records"."blob_id" = ? AND "active_storage_variant_records"."variation_digest" = ? LIMIT ?[0m  [["blob_id", 16], ["variation_digest", "oY0vpDnCSCkHnDGp1YbIHGT2RG8="], ["LIMIT", 1]]
  [1m[36mActiveStorage::Attachment Load (0.2ms)[0m  [1m[34mSELECT "active_storage_attachments".* FROM "active_storage_attachments" WHERE "active_storage_attachments"."record_id" = ? AND "active_storage_attachments"."record_type" = ? AND "active_storage_attachments"."name" = ? LIMIT ?[0m  [["record_id", 11], ["record_type", "ActiveStorage::VariantRecord"], ["name", "image"], ["LIMIT", 1]]
  [1m[36mActiveStorage::Blob Load (0.0ms)[0m  [1m[34mSELECT "active_storage_blobs".* FROM "active_storage_blobs" WHERE "active_storage_blobs"."id" = ? LIMIT ?[0m  [["id", 24], ["LIMIT", 1]]
[36m  Disk Storage (0.6ms) [0m[34mGenerated URL for file at key: zg7gxpoxw67ojquq8t3l3rgew1ho (http://localhost:3000/rails/active_storage/disk/eyJfcmFpbHMiOnsiZGF0YSI6eyJrZXkiOiJ6ZzdneHBveHc2N29qcXVxOHQzbDNyZ2V3MWhvIiwiZGlzcG9zaXRpb24iOiJpbmxpbmU7IGZpbGVuYW1lPVwiMjAyMV9GYWNlYm9va19pY29uLnN2Zy5wbmdcIjsgZmlsZW5hbWUqPVVURi04JycyMDIxX0ZhY2Vib29rX2ljb24uc3ZnLnBuZyIsImNvbnRlbnRfdHlwZSI6ImltYWdlL3BuZyIsInNlcnZpY2VfbmFtZSI6ImxvY2FsIn0sImV4cCI6IjIwMjQtMDMtMDdUMDE6MzQ6NDQuNjMwWiIsInB1ciI6ImJsb2Jfa2V5In19--26db74f28663111768b8f4b5cc93c4ac538688c6/2021_Facebook_icon.svg.png)[0m
Redirected to http://localhost:3000/rails/active_storage/disk/eyJfcmFpbHMiOnsiZGF0YSI6eyJrZXkiOiJ6ZzdneHBveHc2N29qcXVxOHQzbDNyZ2V3MWhvIiwiZGlzcG9zaXRpb24iOiJpbmxpbmU7IGZpbGVuYW1lPVwiMjAyMV9GYWNlYm9va19pY29uLnN2Zy5wbmdcIjsgZmlsZW5hbWUqPVVURi04JycyMDIxX0ZhY2Vib29rX2ljb24uc3ZnLnBuZyIsImNvbnRlbnRfdHlwZSI6ImltYWdlL3BuZyIsInNlcnZpY2VfbmFtZSI6ImxvY2FsIn0sImV4cCI6IjIwMjQtMDMtMDdUMDE6MzQ6NDQuNjMwWiIsInB1ciI6ImJsb2Jfa2V5In19--26db74f28663111768b8f4b5cc93c4ac538688c6/2021_Facebook_icon.svg.png
Completed 302 Found in 24ms (ActiveRecord: 1.3ms | Allocations: 10558)


Started GET "/rails/active_storage/disk/eyJfcmFpbHMiOnsiZGF0YSI6eyJrZXkiOiJ6ZzdneHBveHc2N29qcXVxOHQzbDNyZ2V3MWhvIiwiZGlzcG9zaXRpb24iOiJpbmxpbmU7IGZpbGVuYW1lPVwiMjAyMV9GYWNlYm9va19pY29uLnN2Zy5wbmdcIjsgZmlsZW5hbWUqPVVURi04JycyMDIxX0ZhY2Vib29rX2ljb24uc3ZnLnBuZyIsImNvbnRlbnRfdHlwZSI6ImltYWdlL3BuZyIsInNlcnZpY2VfbmFtZSI6ImxvY2FsIn0sImV4cCI6IjIwMjQtMDMtMDdUMDE6MzQ6NDQuNjMwWiIsInB1ciI6ImJsb2Jfa2V5In19--26db74f28663111768b8f4b5cc93c4ac538688c6/2021_Facebook_icon.svg.png" for ::1 at 2024-03-07 06:59:44 +0530
Processing by ActiveStorage::DiskController#show as PNG
  Parameters: {"encoded_key"=>"[FILTERED]", "filename"=>"2021_Facebook_icon.svg"}
Completed 200 OK in 2ms (ActiveRecord: 0.0ms | Allocations: 246)


Started GET "/products/3" for ::1 at 2024-03-07 06:59:45 +0530
Processing by ProductsController#show as HTML
  Parameters: {"id"=>"3"}
  [1m[36mProduct Load (0.2ms)[0m  [1m[34mSELECT "products".* FROM "products" WHERE "products"."id" = ? LIMIT ?[0m  [["id", 3], ["LIMIT", 1]]
  ↳ app/controllers/products_controller.rb:3:in `show'
  Rendering layout layouts/application.html.erb
  Rendering products/show.html.erb within layouts/application
  [1m[36mActiveStorage::Attachment Load (0.2ms)[0m  [1m[34mSELECT "active_storage_attachments".* FROM "active_storage_attachments" WHERE "active_storage_attachments"."record_id" = ? AND "active_storage_attachments"."record_type" = ? AND "active_storage_attachments"."name" = ?[0m  [["record_id", 3], ["record_type", "Product"], ["name", "images"]]
  ↳ app/views/products/show.html.erb:4
  [1m[36mActiveStorage::Blob Load (0.0ms)[0m  [1m[34mSELECT "active_storage_blobs".* FROM "active_storage_blobs" WHERE "active_storage_blobs"."id" = ? LIMIT ?[0m  [["id", 16], ["LIMIT", 1]]
  ↳ app/views/products/show.html.erb:5
  [1m[36mStock Load (0.1ms)[0m  [1m[34mSELECT "stocks".* FROM "stocks" WHERE "stocks"."product_id" = ?[0m  [["product_id", 3]]
  ↳ app/views/products/show.html.erb:15
  Rendered products/show.html.erb within layouts/application (Duration: 10.8ms | Allocations: 4837)
  Rendered shared/_navbar.html.erb (Duration: 0.9ms | Allocations: 796)
  Rendered shared/_footer.html.erb (Duration: 0.2ms | Allocations: 30)
  Rendered layout layouts/application.html.erb (Duration: 21.9ms | Allocations: 14283)
Completed 200 OK in 26ms (Views: 22.6ms | ActiveRecord: 0.9ms | Allocations: 15731)


Started GET "/products/1" for ::1 at 2024-03-07 06:59:54 +0530
Processing by ProductsController#show as HTML
  Parameters: {"id"=>"1"}
  [1m[36mProduct Load (0.1ms)[0m  [1m[34mSELECT "products".* FROM "products" WHERE "products"."id" = ? LIMIT ?[0m  [["id", 1], ["LIMIT", 1]]
  ↳ app/controllers/products_controller.rb:3:in `show'
  Rendering layout layouts/application.html.erb
  Rendering products/show.html.erb within layouts/application
  [1m[36mActiveStorage::Attachment Load (0.1ms)[0m  [1m[34mSELECT "active_storage_attachments".* FROM "active_storage_attachments" WHERE "active_storage_attachments"."record_id" = ? AND "active_storage_attachments"."record_type" = ? AND "active_storage_attachments"."name" = ?[0m  [["record_id", 1], ["record_type", "Product"], ["name", "images"]]
  ↳ app/views/products/show.html.erb:4
  [1m[36mStock Load (0.1ms)[0m  [1m[34mSELECT "stocks".* FROM "stocks" WHERE "stocks"."product_id" = ?[0m  [["product_id", 1]]
  ↳ app/views/products/show.html.erb:15
  Rendered products/show.html.erb within layouts/application (Duration: 10.4ms | Allocations: 6663)
  Rendered shared/_navbar.html.erb (Duration: 1.5ms | Allocations: 1135)
  Rendered shared/_footer.html.erb (Duration: 0.3ms | Allocations: 196)
  Rendered layout layouts/application.html.erb (Duration: 33.7ms | Allocations: 40136)
Completed 200 OK in 45ms (Views: 34.4ms | ActiveRecord: 2.5ms | Allocations: 47785)


Started GET "/products/3" for ::1 at 2024-03-07 07:00:27 +0530
Processing by ProductsController#show as HTML
  Parameters: {"id"=>"3"}
  [1m[36mProduct Load (0.1ms)[0m  [1m[34mSELECT "products".* FROM "products" WHERE "products"."id" = ? LIMIT ?[0m  [["id", 3], ["LIMIT", 1]]
  ↳ app/controllers/products_controller.rb:3:in `show'
  Rendering layout layouts/application.html.erb
  Rendering products/show.html.erb within layouts/application
  [1m[36mActiveStorage::Attachment Load (0.2ms)[0m  [1m[34mSELECT "active_storage_attachments".* FROM "active_storage_attachments" WHERE "active_storage_attachments"."record_id" = ? AND "active_storage_attachments"."record_type" = ? AND "active_storage_attachments"."name" = ?[0m  [["record_id", 3], ["record_type", "Product"], ["name", "images"]]
  ↳ app/views/products/show.html.erb:4
  [1m[36mActiveStorage::Blob Load (0.1ms)[0m  [1m[34mSELECT "active_storage_blobs".* FROM "active_storage_blobs" WHERE "active_storage_blobs"."id" = ? LIMIT ?[0m  [["id", 16], ["LIMIT", 1]]
  ↳ app/views/products/show.html.erb:5
  [1m[36mStock Load (0.1ms)[0m  [1m[34mSELECT "stocks".* FROM "stocks" WHERE "stocks"."product_id" = ?[0m  [["product_id", 3]]
  ↳ app/views/products/show.html.erb:15
  Rendered products/show.html.erb within layouts/application (Duration: 26.8ms | Allocations: 14897)
  Rendered shared/_navbar.html.erb (Duration: 0.9ms | Allocations: 800)
  Rendered shared/_footer.html.erb (Duration: 0.1ms | Allocations: 31)
  Rendered layout layouts/application.html.erb (Duration: 44.5ms | Allocations: 24323)
Completed 200 OK in 48ms (Views: 44.6ms | ActiveRecord: 0.8ms | Allocations: 24949)


